<?xml version="1.0" encoding="UTF-8"?>
<!-- Generated by org.testng.reporters.JUnitReportReporter -->
<testsuite skipped="0" hostname="USABOS216482L" name="Hovers" tests="2" failures="0" timestamp="06 Nov 2018 20:22:13 GMT" time="6.983" errors="0">
  <testcase name="hovers" time="0.627" classname="Hovers"/>
  <testcase name="validateProfileLinks" time="6.356" classname="Hovers"/>
</testsuite> <!-- Hovers -->
