<?xml version="1.0" encoding="UTF-8"?>
<!-- Generated by org.testng.reporters.JUnitReportReporter -->
<testsuite skipped="0" hostname="USABOS216482L" name="FileUpload" tests="1" failures="0" timestamp="07 Nov 2018 16:08:01 GMT" time="7.683" errors="0">
  <testcase name="fileUpload" time="7.683" classname="FileUpload"/>
</testsuite> <!-- FileUpload -->
