<?xml version="1.0" encoding="UTF-8"?>
<!-- Generated by org.testng.reporters.JUnitReportReporter -->
<testsuite skipped="0" hostname="USABOS216482L" name="FormAuth_Sendkeys_Keyboard" tests="3" failures="0" timestamp="13 Nov 2018 20:06:44 GMT" time="20.363" errors="0">
  <testcase name="validLoginKeyboard" time="7.363" classname="FormAuth_Sendkeys_Keyboard"/>
  <testcase name="invaildLoginSendKeys" time="8.529" classname="FormAuth_Sendkeys_Keyboard"/>
  <testcase name="validLoginSendKeys" time="4.471" classname="FormAuth_Sendkeys_Keyboard"/>
</testsuite> <!-- FormAuth_Sendkeys_Keyboard -->
