<?xml version="1.0" encoding="UTF-8"?>
<!-- Generated by org.testng.reporters.JUnitReportReporter -->
<testsuite skipped="0" hostname="USABOS216482L" name="ChallengingDOM" tests="1" failures="0" timestamp="07 Nov 2018 17:40:29 GMT" time="2.081" errors="0">
  <testcase name="dynamicButtons" time="2.081" classname="ChallengingDOM"/>
</testsuite> <!-- ChallengingDOM -->
