<?xml version="1.0" encoding="UTF-8"?>
<!-- Generated by org.testng.reporters.JUnitReportReporter -->
<testsuite skipped="0" hostname="USABOS216482L" name="Checkboxes" tests="1" failures="0" timestamp="02 Nov 2018 20:00:57 GMT" time="5.048" errors="0">
  <testcase name="checkboxes" time="5.048" classname="Checkboxes"/>
</testsuite> <!-- Checkboxes -->
