<?xml version="1.0" encoding="UTF-8"?>
<!-- Generated by org.testng.reporters.JUnitReportReporter -->
<testsuite skipped="0" hostname="USABOS216482L" name="dynamicLoadPostRendered" tests="2" failures="0" timestamp="08 Nov 2018 20:00:09 GMT" time="15.553" errors="0">
  <testcase name="hiddenElements" time="9.605" classname="dynamicLoadPostRendered"/>
  <testcase name="postRender" time="5.948" classname="dynamicLoadPostRendered"/>
</testsuite> <!-- dynamicLoadPostRendered -->
