<?xml version="1.0" encoding="UTF-8"?>
<!-- Generated by org.testng.reporters.JUnitReportReporter -->
<testsuite skipped="0" hostname="USABOS216482L" name="NewWindow" tests="1" failures="0" timestamp="07 Nov 2018 16:44:25 GMT" time="16.808" errors="0">
  <testcase name="newWindow" time="16.808" classname="NewWindow"/>
</testsuite> <!-- NewWindow -->
