<?xml version="1.0" encoding="UTF-8"?>
<!-- Generated by org.testng.reporters.JUnitReportReporter -->
<testsuite skipped="0" hostname="USABOS216482L" name="HorizontalSlider" tests="1" failures="0" timestamp="05 Nov 2018 15:42:01 GMT" time="5.806" errors="0">
  <testcase name="slider" time="5.806" classname="HorizontalSlider"/>
</testsuite> <!-- HorizontalSlider -->
