<?xml version="1.0" encoding="UTF-8"?>
<!-- Generated by org.testng.reporters.JUnitReportReporter -->
<testsuite skipped="0" hostname="USABOS216482L" name="LargeAndDeepDOM" tests="1" failures="0" timestamp="14 Nov 2018 16:31:25 GMT" time="0.437" errors="0">
  <testcase name="large" time="0.437" classname="LargeAndDeepDOM"/>
</testsuite> <!-- LargeAndDeepDOM -->
