<?xml version="1.0" encoding="UTF-8"?>
<!-- Generated by org.testng.reporters.JUnitReportReporter -->
<testsuite skipped="0" hostname="USABOS216482L" name="BasicAuth" tests="1" failures="0" timestamp="02 Nov 2018 19:01:24 GMT" time="5.338" errors="0">
  <testcase name="basicAuth" time="5.338" classname="BasicAuth"/>
</testsuite> <!-- BasicAuth -->
