<?xml version="1.0" encoding="UTF-8"?>
<!-- Generated by org.testng.reporters.JUnitReportReporter -->
<testsuite skipped="0" hostname="USABOS216482L" name="DisapperingElements" tests="1" failures="0" timestamp="08 Nov 2018 16:35:07 GMT" time="0.771" errors="0">
  <testcase name="elementsVisible" time="0.771" classname="DisapperingElements"/>
</testsuite> <!-- DisapperingElements -->
