<?xml version="1.0" encoding="UTF-8"?>
<!-- Generated by org.testng.reporters.JUnitReportReporter -->
<testsuite skipped="0" hostname="USABOS216482L" name="DragAndDrop" tests="1" failures="0" timestamp="07 Nov 2018 16:25:10 GMT" time="33.099" errors="0">
  <testcase name="dragAndDrop" time="33.099" classname="DragAndDrop"/>
</testsuite> <!-- DragAndDrop -->
