<?xml version="1.0" encoding="UTF-8"?>
<!-- Generated by org.testng.reporters.JUnitReportReporter -->
<testsuite skipped="0" hostname="USABOS216482L" name="JsAlerts" tests="3" failures="0" timestamp="06 Nov 2018 17:28:40 GMT" time="3.117" errors="0">
  <testcase name="jsAlert" time="0.413" classname="JsAlerts"/>
  <testcase name="jsPrompt" time="2.249" classname="JsAlerts"/>
  <testcase name="jsConfirm" time="0.455" classname="JsAlerts"/>
</testsuite> <!-- JsAlerts -->
