<?xml version="1.0" encoding="UTF-8"?>
<!-- Generated by org.testng.reporters.JUnitReportReporter -->
<testsuite skipped="0" hostname="USABOS216482L" name="DropDown" tests="2" failures="0" timestamp="06 Nov 2018 21:23:41 GMT" time="1.355" errors="0">
  <testcase name="dropdown" time="1.324" classname="DropDown"/>
  <testcase name="notSelectableOption" time="0.031" classname="DropDown"/>
</testsuite> <!-- DropDown -->
