<?xml version="1.0" encoding="UTF-8"?>
<!-- Generated by org.testng.reporters.JUnitReportReporter -->
<testsuite skipped="0" hostname="USABOS216482L" name="HoversAndUrlConnTest" tests="2" failures="0" timestamp="08 Nov 2018 21:38:30 GMT" time="1.781" errors="0">
  <testcase name="hovers" time="0.884" classname="HoversAndUrlConnTest"/>
  <testcase name="validateProfileLinks" time="0.897" classname="HoversAndUrlConnTest"/>
</testsuite> <!-- HoversAndUrlConnTest -->
