<?xml version="1.0" encoding="UTF-8"?>
<!-- Generated by org.testng.reporters.JUnitReportReporter -->
<testsuite skipped="0" hostname="USABOS216482L" name="FileDownload" tests="1" failures="0" timestamp="02 Nov 2018 16:18:45 GMT" time="0.224" errors="0">
  <testcase name="fileUpload" time="0.224" classname="FileDownload"/>
</testsuite> <!-- FileDownload -->
